[[1;34mINFO[m] Scanning for projects...
[[1;34mINFO[m] 
[[1;34mINFO[m] [1m------------------------< [0;36mcom.examly:springapp[0;1m >------------------------[m
[[1;34mINFO[m] [1mBuilding demo 0.0.1-SNAPSHOT[m
[[1;34mINFO[m] [1m--------------------------------[ jar ]---------------------------------[m
[[1;34mINFO[m] 
[[1;34mINFO[m] [1m>>> [0;32mspring-boot-maven-plugin:3.4.0:run[m [1m(default-cli)[0;1m > [0;1mtest-compile[m @ [36mspringapp[0;1m >>>[m
[[1;34mINFO[m] 
[[1;34mINFO[m] [1m--- [0;32mmaven-resources-plugin:3.3.1:resources[m [1m(default-resources)[m @ [36mspringapp[0;1m ---[m
[[1;34mINFO[m] Copying 1 resource from src/main/resources to target/classes
[[1;34mINFO[m] Copying 0 resource from src/main/resources to target/classes
[[1;34mINFO[m] 
[[1;34mINFO[m] [1m--- [0;32mmaven-compiler-plugin:3.13.0:compile[m [1m(default-compile)[m @ [36mspringapp[0;1m ---[m
[[1;34mINFO[m] Nothing to compile - all classes are up to date.
[[1;34mINFO[m] 
[[1;34mINFO[m] [1m--- [0;32mmaven-resources-plugin:3.3.1:testResources[m [1m(default-testResources)[m @ [36mspringapp[0;1m ---[m
[[1;34mINFO[m] Copying 1 resource from src/test/resources to target/test-classes
[[1;34mINFO[m] 
[[1;34mINFO[m] [1m--- [0;32mmaven-compiler-plugin:3.13.0:testCompile[m [1m(default-testCompile)[m @ [36mspringapp[0;1m ---[m
[[1;34mINFO[m] Nothing to compile - all classes are up to date.
[[1;34mINFO[m] 
[[1;34mINFO[m] [1m<<< [0;32mspring-boot-maven-plugin:3.4.0:run[m [1m(default-cli)[0;1m < [0;1mtest-compile[m @ [36mspringapp[0;1m <<<[m
[[1;34mINFO[m] 
[[1;34mINFO[m] 
[[1;34mINFO[m] [1m--- [0;32mspring-boot-maven-plugin:3.4.0:run[m [1m(default-cli)[m @ [36mspringapp[0;1m ---[m
[[1;34mINFO[m] Attaching agents: []

  .   ____          _            __ _ _
 /\\ / ___'_ __ _ _(_)_ __  __ _ \ \ \ \
( ( )\___ | '_ | '_| | '_ \/ _` | \ \ \ \
 \\/  ___)| |_)| | | | | || (_| |  ) ) ) )
  '  |____| .__|_| |_|_| |_\__, | / / / /
 =========|_|==============|___/=/_/_/_/

 :: Spring Boot ::                (v3.4.0)

2025-09-30T13:35:51.224Z  INFO 22079 --- [           main] com.examly.springapp.DemoApplication     : Starting DemoApplication using Java 17.0.15 with PID 22079 (/home/coder/project/workspace/springapp/target/classes started by coder in /home/coder/project/workspace/springapp)
2025-09-30T13:35:51.226Z  INFO 22079 --- [           main] com.examly.springapp.DemoApplication     : No active profile set, falling back to 1 default profile: "default"
2025-09-30T13:35:51.709Z  INFO 22079 --- [           main] .s.d.r.c.RepositoryConfigurationDelegate : Bootstrapping Spring Data JPA repositories in DEFAULT mode.
2025-09-30T13:35:51.769Z  INFO 22079 --- [           main] .s.d.r.c.RepositoryConfigurationDelegate : Finished Spring Data repository scanning in 52 ms. Found 1 JPA repository interface.
2025-09-30T13:35:52.161Z  INFO 22079 --- [           main] o.s.b.w.embedded.tomcat.TomcatWebServer  : Tomcat initialized with port 9090 (http)
2025-09-30T13:35:52.172Z  INFO 22079 --- [           main] o.apache.catalina.core.StandardService   : Starting service [Tomcat]
2025-09-30T13:35:52.172Z  INFO 22079 --- [           main] o.apache.catalina.core.StandardEngine    : Starting Servlet engine: [Apache Tomcat/10.1.33]
2025-09-30T13:35:52.210Z  INFO 22079 --- [           main] o.a.c.c.C.[Tomcat].[localhost].[/]       : Initializing Spring embedded WebApplicationContext
2025-09-30T13:35:52.211Z  INFO 22079 --- [           main] w.s.c.ServletWebServerApplicationContext : Root WebApplicationContext: initialization completed in 951 ms
2025-09-30T13:35:52.322Z  INFO 22079 --- [           main] o.hibernate.jpa.internal.util.LogHelper  : HHH000204: Processing PersistenceUnitInfo [name: default]
2025-09-30T13:35:52.357Z  INFO 22079 --- [           main] org.hibernate.Version                    : HHH000412: Hibernate ORM core version 6.6.2.Final
2025-09-30T13:35:52.383Z  INFO 22079 --- [           main] o.h.c.internal.RegionFactoryInitiator    : HHH000026: Second-level cache disabled
2025-09-30T13:35:52.556Z  INFO 22079 --- [           main] o.s.o.j.p.SpringPersistenceUnitInfo      : No LoadTimeWeaver setup: ignoring JPA class transformer
2025-09-30T13:35:52.578Z  INFO 22079 --- [           main] com.zaxxer.hikari.HikariDataSource       : HikariPool-1 - Starting...
2025-09-30T13:35:52.713Z  INFO 22079 --- [           main] com.zaxxer.hikari.pool.HikariPool        : HikariPool-1 - Added connection com.mysql.cj.jdbc.ConnectionImpl@91a2543
2025-09-30T13:35:52.714Z  INFO 22079 --- [           main] com.zaxxer.hikari.HikariDataSource       : HikariPool-1 - Start completed.
2025-09-30T13:35:52.756Z  WARN 22079 --- [           main] org.hibernate.dialect.Dialect            : HHH000511: The 5.6.51 version for [org.hibernate.dialect.MySQLDialect] is no longer supported, hence certain features may not work properly. The minimum supported version is 8.0.0. Check the community dialects project for available legacy versions.
2025-09-30T13:35:52.778Z  INFO 22079 --- [           main] org.hibernate.orm.connections.pooling    : HHH10001005: Database info:
	Database JDBC URL [Connecting through datasource 'HikariDataSource (HikariPool-1)']
	Database driver: undefined/unknown
	Database version: 5.6.51
	Autocommit mode: undefined/unknown
	Isolation level: undefined/unknown
	Minimum pool size: undefined/unknown
	Maximum pool size: undefined/unknown
2025-09-30T13:35:53.384Z  INFO 22079 --- [           main] o.h.e.t.j.p.i.JtaPlatformInitiator       : HHH000489: No JTA platform available (set 'hibernate.transaction.jta.platform' to enable JTA platform integration)
Hibernate: 
    drop table if exists posts
Hibernate: 
    create table posts (
        created_at datetime(6),
        id bigint not null auto_increment,
        updated_at datetime(6),
        author varchar(255) not null,
        content TEXT not null,
        title varchar(255) not null,
        primary key (id)
    ) engine=InnoDB
2025-09-30T13:35:53.849Z  INFO 22079 --- [           main] j.LocalContainerEntityManagerFactoryBean : Initialized JPA EntityManagerFactory for persistence unit 'default'
2025-09-30T13:35:54.036Z  WARN 22079 --- [           main] JpaBaseConfiguration$JpaWebConfiguration : spring.jpa.open-in-view is enabled by default. Therefore, database queries may be performed during view rendering. Explicitly configure spring.jpa.open-in-view to disable this warning
2025-09-30T13:35:54.303Z  INFO 22079 --- [           main] o.s.b.w.embedded.tomcat.TomcatWebServer  : Tomcat started on port 9090 (http) with context path '/'
2025-09-30T13:35:54.311Z  INFO 22079 --- [           main] com.examly.springapp.DemoApplication     : Started DemoApplication in 3.368 seconds (process running for 3.577)
2025-09-30T13:52:13.054Z  INFO 22079 --- [ionShutdownHook] o.s.b.w.e.tomcat.GracefulShutdown        : Commencing graceful shutdown. Waiting for active requests to complete
2025-09-30T13:52:13.058Z  INFO 22079 --- [tomcat-shutdown] o.s.b.w.e.tomcat.GracefulShutdown        : Graceful shutdown complete
2025-09-30T13:52:13.062Z  INFO 22079 --- [ionShutdownHook] j.LocalContainerEntityManagerFactoryBean : Closing JPA EntityManagerFactory for persistence unit 'default'
2025-09-30T13:52:13.064Z  INFO 22079 --- [ionShutdownHook] com.zaxxer.hikari.HikariDataSource       : HikariPool-1 - Shutdown initiated...
2025-09-30T13:52:13.075Z  INFO 22079 --- [ionShutdownHook] com.zaxxer.hikari.HikariDataSource       : HikariPool-1 - Shutdown completed.
